TN:
SF:src\auth.ts
FNF:4
FNH:4
DA:1,32
DA:5,29
DA:6,35
DA:7,37
DA:8,7
DA:9,29
DA:10,11
DA:11,14
DA:12,21
DA:13,34
DA:14,14
DA:17,34
DA:18,19
DA:19,55
DA:20,31
DA:21,23
DA:22,2
DA:23,2
DA:25,56
DA:27,40
DA:28,31
DA:29,35
DA:30,32
DA:32,54
DA:33,36
DA:34,2
DA:36,33
LF:27
LH:27
end_of_record
TN:
SF:src\client.ts
FNF:2
FNH:2
DA:1,78
DA:2,106
DA:3,106
DA:4,106
DA:5,98
DA:12,1
DA:14,39
DA:15,48
DA:16,48
DA:17,56
DA:18,72
DA:19,64
DA:20,68
DA:21,122
DA:22,72
DA:23,12
DA:24,84
DA:25,74
DA:26,82
DA:27,82
DA:28,81
DA:30,2
DA:32,67
DA:33,75
LF:24
LH:24
end_of_record
TN:
SF:src\http.ts
FNF:5
FNH:3
DA:1,58
DA:2,62
DA:3,90
DA:7,98
DA:8,13
DA:10,53
DA:11,38
DA:12,76
DA:13,41
DA:15,1
DA:20,90
DA:22,37
DA:23,95
DA:24,68
DA:25,39
DA:26,111
DA:27,5
DA:28,9
DA:29,0
DA:30,0
DA:31,0
DA:32,0
DA:33,0
DA:34,0
DA:35,0
DA:36,0
DA:37,0
DA:38,0
DA:39,0
DA:40,0
DA:41,0
DA:42,0
DA:43,0
DA:44,0
DA:45,0
DA:46,0
DA:47,0
DA:48,38
DA:51,0
DA:52,0
DA:53,0
DA:54,0
DA:55,0
DA:56,0
DA:57,0
DA:58,0
DA:59,0
DA:60,0
DA:61,0
DA:62,0
DA:63,0
DA:64,0
DA:65,0
DA:66,0
DA:67,0
DA:68,0
DA:69,0
DA:70,0
DA:71,0
DA:72,0
DA:73,0
DA:74,0
DA:75,0
DA:76,0
DA:77,0
DA:78,0
DA:79,0
DA:80,0
DA:81,0
DA:82,0
DA:83,0
DA:84,0
DA:85,0
DA:86,0
DA:87,0
DA:88,0
DA:89,0
DA:90,0
DA:91,0
DA:92,0
DA:93,7
DA:95,2
LF:82
LH:21
end_of_record
TN:
SF:src\resources\plans.ts
FNF:5
FNH:5
DA:11,83
DA:13,20
DA:14,114
DA:15,45
DA:18,35
DA:19,106
DA:22,35
DA:23,126
DA:25,1
LF:9
LH:9
end_of_record
TN:
SF:src\resources\tasks.ts
FNF:6
FNH:6
DA:10,83
DA:12,31
DA:13,146
DA:14,61
DA:17,7
DA:18,16
DA:19,27
DA:20,10
DA:21,132
DA:22,88
DA:24,73
DA:25,84
DA:26,134
DA:27,150
DA:28,123
DA:29,87
DA:30,13
DA:31,118
DA:32,9
DA:34,135
DA:36,1
LF:21
LH:21
end_of_record
TN:
SF:src\resources\users.ts
FNF:7
FNH:7
DA:12,83
DA:14,20
DA:15,114
DA:16,45
DA:19,35
DA:20,106
DA:23,29
DA:24,114
DA:27,30
DA:28,116
DA:31,32
DA:32,114
DA:34,1
LF:13
LH:13
end_of_record
TN:
SF:src\resources\vps.ts
FNF:19
FNH:13
DA:23,83
DA:25,20
DA:26,116
DA:27,39
DA:30,29
DA:31,136
DA:32,60
DA:33,91
DA:34,33
DA:37,35
DA:38,102
DA:41,33
DA:42,128
DA:45,32
DA:46,150
DA:49,31
DA:50,148
DA:53,34
DA:54,154
DA:57,35
DA:58,156
DA:61,34
DA:62,130
DA:65,36
DA:66,0
DA:67,0
DA:68,0
DA:69,0
DA:70,0
DA:71,0
DA:72,0
DA:73,0
DA:74,0
DA:75,0
DA:76,0
DA:77,0
DA:78,0
DA:79,0
DA:80,0
DA:81,0
DA:82,0
DA:83,0
DA:84,0
DA:85,0
DA:86,0
DA:87,0
DA:88,0
DA:89,0
DA:90,69
DA:92,1
LF:50
LH:26
end_of_record
TN:
SF:tests\auth.test.ts
FNF:8
FNH:8
DA:1,48
DA:2,50
DA:4,36
DA:5,34
DA:6,74
DA:7,39
DA:8,4
DA:10,33
DA:11,74
DA:12,44
DA:13,4
DA:15,55
DA:16,74
DA:17,54
DA:18,33
DA:19,38
DA:20,4
DA:22,63
DA:23,51
DA:24,55
DA:25,55
DA:26,22
DA:27,4
DA:29,72
DA:30,37
DA:31,56
DA:32,56
DA:33,26
DA:34,4
DA:36,57
DA:37,88
DA:38,40
DA:39,4
DA:41,54
DA:42,95
DA:43,74
DA:44,65
DA:45,62
DA:46,26
DA:47,3
DA:48,2
LF:41
LH:41
end_of_record
TN:
SF:tests\client.test.ts
FNF:8
FNH:8
DA:1,48
DA:2,78
DA:4,37
DA:5,20
DA:6,22
DA:7,23
DA:8,22
DA:9,4
DA:11,61
DA:12,58
DA:13,4
DA:15,94
DA:16,49
DA:17,52
DA:18,51
DA:19,54
DA:20,54
DA:21,53
DA:22,52
DA:23,53
DA:24,4
DA:26,89
DA:27,49
DA:28,54
DA:29,56
DA:30,56
DA:31,57
DA:32,57
DA:33,4
DA:35,69
DA:36,49
DA:37,54
DA:38,56
DA:39,54
DA:40,4
DA:42,61
DA:43,49
DA:44,53
DA:45,52
DA:46,4
DA:48,103
DA:49,51
DA:50,53
DA:51,52
DA:52,54
DA:53,54
DA:54,51
DA:55,3
DA:56,2
LF:49
LH:49
end_of_record
TN:
SF:tests\http.test.ts
FNF:9
FNH:9
DA:1,48
DA:2,65
DA:5,17
DA:6,20
DA:7,16
DA:8,18
DA:9,13
DA:10,14
DA:11,28
DA:12,15
DA:13,2
DA:15,30
DA:16,44
DA:17,51
DA:18,4
DA:20,82
DA:21,42
DA:22,91
DA:23,19
DA:24,4
DA:25,4
DA:27,66
DA:28,42
DA:29,91
DA:30,17
DA:31,4
DA:32,4
DA:34,57
DA:35,42
DA:36,72
DA:37,51
DA:38,4
DA:40,53
DA:41,42
DA:42,11
DA:43,72
DA:44,17
DA:45,52
DA:46,30
DA:48,3
DA:49,2
LF:41
LH:41
end_of_record
TN:
SF:tests\resources\plans.test.ts
FNF:11
FNH:11
DA:1,54
DA:3,60
DA:5,17
DA:6,59
DA:9,33
DA:10,53
DA:11,45
DA:12,43
DA:13,64
DA:14,4
DA:16,40
DA:17,21
DA:18,14
DA:19,17
DA:20,27
DA:21,22
DA:22,20
DA:23,26
DA:24,14
DA:25,5
DA:26,6
DA:27,41
DA:28,58
DA:29,33
DA:30,4
DA:32,62
DA:33,43
DA:34,46
DA:35,27
DA:36,18
DA:37,16
DA:38,22
DA:39,10
DA:40,7
DA:41,44
DA:42,11
DA:43,4
DA:44,49
DA:45,5
DA:46,4
DA:48,60
DA:49,43
DA:50,48
DA:51,80
DA:52,3
DA:53,2
LF:46
LH:46
end_of_record
TN:
SF:tests\resources\tasks.test.ts
FNF:23
FNH:23
DA:1,54
DA:3,60
DA:5,17
DA:6,59
DA:9,33
DA:10,34
DA:11,57
DA:12,47
DA:13,47
DA:14,79
DA:15,6
DA:17,45
DA:18,61
DA:19,58
DA:20,62
DA:21,34
DA:22,6
DA:24,61
DA:25,47
DA:26,64
DA:27,36
DA:28,4
DA:29,4
DA:31,35
DA:32,57
DA:33,61
DA:34,58
DA:35,63
DA:36,37
DA:37,6
DA:39,53
DA:40,64
DA:41,58
DA:42,63
DA:43,40
DA:44,6
DA:46,52
DA:47,65
DA:48,58
DA:49,81
DA:50,6
DA:52,49
DA:53,62
DA:54,58
DA:55,81
DA:56,6
DA:58,61
DA:59,67
DA:60,58
DA:61,13
DA:62,74
DA:63,36
DA:64,6
DA:66,44
DA:67,47
DA:68,86
DA:69,4
DA:70,3
DA:71,2
LF:59
LH:59
end_of_record
TN:
SF:tests\resources\users.test.ts
FNF:15
FNH:15
DA:1,54
DA:3,60
DA:5,17
DA:6,59
DA:9,33
DA:10,53
DA:11,45
DA:12,43
DA:13,64
DA:14,4
DA:16,40
DA:17,82
DA:18,41
DA:19,58
DA:20,33
DA:21,4
DA:23,62
DA:24,43
DA:25,81
DA:26,44
DA:27,11
DA:28,4
DA:29,45
DA:30,5
DA:31,4
DA:33,59
DA:34,43
DA:35,49
DA:36,80
DA:37,4
DA:39,61
DA:40,43
DA:41,50
DA:42,81
DA:43,4
DA:45,65
DA:46,43
DA:47,52
DA:48,83
DA:49,3
DA:50,2
LF:41
LH:41
end_of_record
TN:
SF:tests\resources\vps.test.ts
FNF:37
FNH:37
DA:1,54
DA:3,56
DA:5,17
DA:6,59
DA:9,31
DA:10,29
DA:11,34
DA:12,44
DA:13,42
DA:14,23
DA:15,67
DA:16,6
DA:18,46
DA:19,20
DA:20,16
DA:21,21
DA:22,27
DA:23,22
DA:24,22
DA:25,23
DA:26,28
DA:27,28
DA:28,21
DA:29,7
DA:30,8
DA:31,40
DA:32,58
DA:33,32
DA:34,4
DA:35,4
DA:37,30
DA:38,53
DA:39,35
DA:40,15
DA:41,20
DA:42,25
DA:43,26
DA:44,24
DA:45,24
DA:46,25
DA:47,30
DA:48,30
DA:49,23
DA:50,9
DA:51,7
DA:52,9
DA:53,47
DA:54,77
DA:55,6
DA:57,49
DA:58,21
DA:59,21
DA:60,25
DA:61,20
DA:62,20
DA:63,21
DA:64,26
DA:65,26
DA:66,19
DA:67,8
DA:68,56
DA:69,62
DA:70,33
DA:71,4
DA:72,4
DA:74,32
DA:75,69
DA:76,60
DA:77,49
DA:78,94
DA:79,4
DA:80,4
DA:82,31
DA:83,52
DA:84,60
DA:85,48
DA:86,93
DA:87,4
DA:88,4
DA:90,34
DA:91,55
DA:92,60
DA:93,51
DA:94,96
DA:95,4
DA:96,4
DA:98,35
DA:99,56
DA:100,60
DA:101,52
DA:102,97
DA:103,4
DA:104,4
DA:106,37
DA:107,53
DA:108,60
DA:109,90
DA:110,44
DA:111,9
DA:112,4
DA:113,54
DA:114,7
DA:115,4
DA:116,4
DA:118,33
DA:119,52
DA:120,60
DA:121,50
DA:122,83
DA:123,4
DA:124,4
DA:126,34
DA:127,53
DA:128,60
DA:129,51
DA:130,84
DA:131,4
DA:132,4
DA:134,36
DA:135,55
DA:136,60
DA:137,53
DA:138,86
DA:139,4
DA:140,3
DA:141,2
LF:126
LH:126
end_of_record
